<?xml version="1.0" encoding="UTF-8"?>
<!-- Generated by org.testng.reporters.JUnitReportReporter -->
<testsuite hostname="LAPTOP-8TP6OQIJ" failures="0" tests="3" name="testcases.registerTestCases" time="10.285" errors="0" timestamp="2024-05-17T10:15:25 IST" skipped="1">
  <testcase classname="testcases.registerTestCases" name="verifyRegisterationWithValidData" time="5.002"/>
  <testcase classname="testcases.registerTestCases" name="verifyRegisterationWithBlankData" time="5.283"/>
  <testcase classname="testcases.registerTestCases" name="verifyRegisterationWithInvalidData">
    <skipped/>
  </testcase> <!-- verifyRegisterationWithInvalidData -->
</testsuite> <!-- testcases.registerTestCases -->
